[2016-04-27 16:16:26] local.ERROR: exception 'InvalidArgumentException' with message 'View [index] not found.' in /vagrant/sites/talkingtree.dev/vendor/laravel/framework/src/Illuminate/View/FileViewFinder.php:146
Stack trace:
#0 /vagrant/sites/talkingtree.dev/vendor/laravel/framework/src/Illuminate/View/FileViewFinder.php(83): Illuminate\View\FileViewFinder->findInPaths('index', Array)
#1 /vagrant/sites/talkingtree.dev/vendor/laravel/framework/src/Illuminate/View/Factory.php(124): Illuminate\View\FileViewFinder->find('index')
#2 /vagrant/sites/talkingtree.dev/vendor/laravel/framework/src/Illuminate/Support/Facades/Facade.php(208): Illuminate\View\Factory->make('index')
#3 /vagrant/sites/talkingtree.dev/app/routes.php(16): Illuminate\Support\Facades\Facade::__callStatic('make', Array)
#4 /vagrant/sites/talkingtree.dev/app/routes.php(16): Illuminate\Support\Facades\View::make('index')
#5 [internal function]: {closure}()
#6 /vagrant/sites/talkingtree.dev/vendor/laravel/framework/src/Illuminate/Routing/Route.php(109): call_user_func_array(Object(Closure), Array)
#7 /vagrant/sites/talkingtree.dev/vendor/laravel/framework/src/Illuminate/Routing/Router.php(1033): Illuminate\Routing\Route->run(Object(Illuminate\Http\Request))
#8 /vagrant/sites/talkingtree.dev/vendor/laravel/framework/src/Illuminate/Routing/Router.php(1001): Illuminate\Routing\Router->dispatchToRoute(Object(Illuminate\Http\Request))
#9 /vagrant/sites/talkingtree.dev/vendor/laravel/framework/src/Illuminate/Foundation/Application.php(775): Illuminate\Routing\Router->dispatch(Object(Illuminate\Http\Request))
#10 /vagrant/sites/talkingtree.dev/vendor/laravel/framework/src/Illuminate/Foundation/Application.php(745): Illuminate\Foundation\Application->dispatch(Object(Illuminate\Http\Request))
#11 /vagrant/sites/talkingtree.dev/vendor/laravel/framework/src/Illuminate/Session/Middleware.php(72): Illuminate\Foundation\Application->handle(Object(Illuminate\Http\Request), 1, true)
#12 /vagrant/sites/talkingtree.dev/vendor/laravel/framework/src/Illuminate/Cookie/Queue.php(47): Illuminate\Session\Middleware->handle(Object(Illuminate\Http\Request), 1, true)
#13 /vagrant/sites/talkingtree.dev/vendor/laravel/framework/src/Illuminate/Cookie/Guard.php(51): Illuminate\Cookie\Queue->handle(Object(Illuminate\Http\Request), 1, true)
#14 /vagrant/sites/talkingtree.dev/vendor/stack/builder/src/Stack/StackedHttpKernel.php(23): Illuminate\Cookie\Guard->handle(Object(Illuminate\Http\Request), 1, true)
#15 /vagrant/sites/talkingtree.dev/vendor/laravel/framework/src/Illuminate/Foundation/Application.php(641): Stack\StackedHttpKernel->handle(Object(Illuminate\Http\Request))
#16 /vagrant/sites/talkingtree.dev/public/index.php(49): Illuminate\Foundation\Application->run()
#17 {main} [] []
[2016-04-27 16:17:04] local.ERROR: exception 'ErrorException' with message 'file_put_contents(/vagrant/sites/talkingtree.dev/app/storage/views/10fc3d8b1f2e48e666dde0aee002040c): failed to open stream: No such file or directory' in /vagrant/sites/talkingtree.dev/vendor/laravel/framework/src/Illuminate/Filesystem/Filesystem.php:70
Stack trace:
#0 [internal function]: Illuminate\Exception\Handler->handleError(2, 'file_put_conten...', '/vagrant/sites/...', 70, Array)
#1 /vagrant/sites/talkingtree.dev/vendor/laravel/framework/src/Illuminate/Filesystem/Filesystem.php(70): file_put_contents('/vagrant/sites/...', '<!doctype html>...', 0)
#2 /vagrant/sites/talkingtree.dev/vendor/laravel/framework/src/Illuminate/View/Compilers/BladeCompiler.php(80): Illuminate\Filesystem\Filesystem->put('/vagrant/sites/...', '<!doctype html>...')
#3 /vagrant/sites/talkingtree.dev/vendor/laravel/framework/src/Illuminate/View/Engines/CompilerEngine.php(48): Illuminate\View\Compilers\BladeCompiler->compile('/vagrant/sites/...')
#4 /vagrant/sites/talkingtree.dev/vendor/laravel/framework/src/Illuminate/View/View.php(140): Illuminate\View\Engines\CompilerEngine->get('/vagrant/sites/...', Array)
#5 /vagrant/sites/talkingtree.dev/vendor/laravel/framework/src/Illuminate/View/View.php(109): Illuminate\View\View->getContents()
#6 /vagrant/sites/talkingtree.dev/vendor/laravel/framework/src/Illuminate/View/View.php(78): Illuminate\View\View->renderContents()
#7 /vagrant/sites/talkingtree.dev/vendor/laravel/framework/src/Illuminate/Http/Response.php(43): Illuminate\View\View->render()
#8 /vagrant/sites/talkingtree.dev/vendor/symfony/http-foundation/Symfony/Component/HttpFoundation/Response.php(202): Illuminate\Http\Response->setContent(Object(Illuminate\View\View))
#9 /vagrant/sites/talkingtree.dev/vendor/laravel/framework/src/Illuminate/Routing/Router.php(1501): Symfony\Component\HttpFoundation\Response->__construct(Object(Illuminate\View\View))
#10 /vagrant/sites/talkingtree.dev/vendor/laravel/framework/src/Illuminate/Routing/Router.php(1036): Illuminate\Routing\Router->prepareResponse(Object(Illuminate\Http\Request), Object(Illuminate\View\View))
#11 /vagrant/sites/talkingtree.dev/vendor/laravel/framework/src/Illuminate/Routing/Router.php(1001): Illuminate\Routing\Router->dispatchToRoute(Object(Illuminate\Http\Request))
#12 /vagrant/sites/talkingtree.dev/vendor/laravel/framework/src/Illuminate/Foundation/Application.php(775): Illuminate\Routing\Router->dispatch(Object(Illuminate\Http\Request))
#13 /vagrant/sites/talkingtree.dev/vendor/laravel/framework/src/Illuminate/Foundation/Application.php(745): Illuminate\Foundation\Application->dispatch(Object(Illuminate\Http\Request))
#14 /vagrant/sites/talkingtree.dev/vendor/laravel/framework/src/Illuminate/Session/Middleware.php(72): Illuminate\Foundation\Application->handle(Object(Illuminate\Http\Request), 1, true)
#15 /vagrant/sites/talkingtree.dev/vendor/laravel/framework/src/Illuminate/Cookie/Queue.php(47): Illuminate\Session\Middleware->handle(Object(Illuminate\Http\Request), 1, true)
#16 /vagrant/sites/talkingtree.dev/vendor/laravel/framework/src/Illuminate/Cookie/Guard.php(51): Illuminate\Cookie\Queue->handle(Object(Illuminate\Http\Request), 1, true)
#17 /vagrant/sites/talkingtree.dev/vendor/stack/builder/src/Stack/StackedHttpKernel.php(23): Illuminate\Cookie\Guard->handle(Object(Illuminate\Http\Request), 1, true)
#18 /vagrant/sites/talkingtree.dev/vendor/laravel/framework/src/Illuminate/Foundation/Application.php(641): Stack\StackedHttpKernel->handle(Object(Illuminate\Http\Request))
#19 /vagrant/sites/talkingtree.dev/public/index.php(49): Illuminate\Foundation\Application->run()
#20 {main} [] []
[2016-04-27 16:22:34] local.ERROR: exception 'ErrorException' with message 'file_put_contents(/vagrant/sites/talkingtree.dev/app/storage/views/10fc3d8b1f2e48e666dde0aee002040c): failed to open stream: No such file or directory' in /vagrant/sites/talkingtree.dev/vendor/laravel/framework/src/Illuminate/Filesystem/Filesystem.php:70
Stack trace:
#0 [internal function]: Illuminate\Exception\Handler->handleError(2, 'file_put_conten...', '/vagrant/sites/...', 70, Array)
#1 /vagrant/sites/talkingtree.dev/vendor/laravel/framework/src/Illuminate/Filesystem/Filesystem.php(70): file_put_contents('/vagrant/sites/...', '<!doctype html>...', 0)
#2 /vagrant/sites/talkingtree.dev/vendor/laravel/framework/src/Illuminate/View/Compilers/BladeCompiler.php(80): Illuminate\Filesystem\Filesystem->put('/vagrant/sites/...', '<!doctype html>...')
#3 /vagrant/sites/talkingtree.dev/vendor/laravel/framework/src/Illuminate/View/Engines/CompilerEngine.php(48): Illuminate\View\Compilers\BladeCompiler->compile('/vagrant/sites/...')
#4 /vagrant/sites/talkingtree.dev/vendor/laravel/framework/src/Illuminate/View/View.php(140): Illuminate\View\Engines\CompilerEngine->get('/vagrant/sites/...', Array)
#5 /vagrant/sites/talkingtree.dev/vendor/laravel/framework/src/Illuminate/View/View.php(109): Illuminate\View\View->getContents()
#6 /vagrant/sites/talkingtree.dev/vendor/laravel/framework/src/Illuminate/View/View.php(78): Illuminate\View\View->renderContents()
#7 /vagrant/sites/talkingtree.dev/vendor/laravel/framework/src/Illuminate/Http/Response.php(43): Illuminate\View\View->render()
#8 /vagrant/sites/talkingtree.dev/vendor/symfony/http-foundation/Symfony/Component/HttpFoundation/Response.php(202): Illuminate\Http\Response->setContent(Object(Illuminate\View\View))
#9 /vagrant/sites/talkingtree.dev/vendor/laravel/framework/src/Illuminate/Routing/Router.php(1501): Symfony\Component\HttpFoundation\Response->__construct(Object(Illuminate\View\View))
#10 /vagrant/sites/talkingtree.dev/vendor/laravel/framework/src/Illuminate/Routing/Router.php(1036): Illuminate\Routing\Router->prepareResponse(Object(Illuminate\Http\Request), Object(Illuminate\View\View))
#11 /vagrant/sites/talkingtree.dev/vendor/laravel/framework/src/Illuminate/Routing/Router.php(1001): Illuminate\Routing\Router->dispatchToRoute(Object(Illuminate\Http\Request))
#12 /vagrant/sites/talkingtree.dev/vendor/laravel/framework/src/Illuminate/Foundation/Application.php(775): Illuminate\Routing\Router->dispatch(Object(Illuminate\Http\Request))
#13 /vagrant/sites/talkingtree.dev/vendor/laravel/framework/src/Illuminate/Foundation/Application.php(745): Illuminate\Foundation\Application->dispatch(Object(Illuminate\Http\Request))
#14 /vagrant/sites/talkingtree.dev/vendor/laravel/framework/src/Illuminate/Session/Middleware.php(72): Illuminate\Foundation\Application->handle(Object(Illuminate\Http\Request), 1, true)
#15 /vagrant/sites/talkingtree.dev/vendor/laravel/framework/src/Illuminate/Cookie/Queue.php(47): Illuminate\Session\Middleware->handle(Object(Illuminate\Http\Request), 1, true)
#16 /vagrant/sites/talkingtree.dev/vendor/laravel/framework/src/Illuminate/Cookie/Guard.php(51): Illuminate\Cookie\Queue->handle(Object(Illuminate\Http\Request), 1, true)
#17 /vagrant/sites/talkingtree.dev/vendor/stack/builder/src/Stack/StackedHttpKernel.php(23): Illuminate\Cookie\Guard->handle(Object(Illuminate\Http\Request), 1, true)
#18 /vagrant/sites/talkingtree.dev/vendor/laravel/framework/src/Illuminate/Foundation/Application.php(641): Stack\StackedHttpKernel->handle(Object(Illuminate\Http\Request))
#19 /vagrant/sites/talkingtree.dev/public/index.php(49): Illuminate\Foundation\Application->run()
#20 {main} [] []
[2016-04-27 16:42:09] local.ERROR: exception 'InvalidArgumentException' with message 'Route [UserController@postLogin] not defined.' in /vagrant/sites/talkingtree.dev/vendor/laravel/framework/src/Illuminate/Routing/UrlGenerator.php:231
Stack trace:
#0 /vagrant/sites/talkingtree.dev/vendor/laravel/framework/src/Illuminate/Routing/UrlGenerator.php(447): Illuminate\Routing\UrlGenerator->route('UserController@...', Array, true, NULL)
#1 /vagrant/sites/talkingtree.dev/vendor/laravel/framework/src/Illuminate/Html/FormBuilder.php(833): Illuminate\Routing\UrlGenerator->action('UserController@...')
#2 /vagrant/sites/talkingtree.dev/vendor/laravel/framework/src/Illuminate/Html/FormBuilder.php(782): Illuminate\Html\FormBuilder->getControllerAction('UserController@...')
#3 /vagrant/sites/talkingtree.dev/vendor/laravel/framework/src/Illuminate/Html/FormBuilder.php(104): Illuminate\Html\FormBuilder->getAction(Array)
#4 /vagrant/sites/talkingtree.dev/vendor/laravel/framework/src/Illuminate/Support/Facades/Facade.php(208): Illuminate\Html\FormBuilder->open(Array)
#5 /vagrant/sites/talkingtree.dev/app/storage/views/10fc3d8b1f2e48e666dde0aee002040c(10): Illuminate\Support\Facades\Facade::__callStatic('open', Array)
#6 /vagrant/sites/talkingtree.dev/app/storage/views/10fc3d8b1f2e48e666dde0aee002040c(10): Illuminate\Support\Facades\Form::open(Array)
#7 /vagrant/sites/talkingtree.dev/vendor/laravel/framework/src/Illuminate/View/Engines/PhpEngine.php(37): include('/vagrant/sites/...')
#8 /vagrant/sites/talkingtree.dev/vendor/laravel/framework/src/Illuminate/View/Engines/CompilerEngine.php(56): Illuminate\View\Engines\PhpEngine->evaluatePath('/vagrant/sites/...', Array)
#9 /vagrant/sites/talkingtree.dev/vendor/laravel/framework/src/Illuminate/View/View.php(140): Illuminate\View\Engines\CompilerEngine->get('/vagrant/sites/...', Array)
#10 /vagrant/sites/talkingtree.dev/vendor/laravel/framework/src/Illuminate/View/View.php(109): Illuminate\View\View->getContents()
#11 /vagrant/sites/talkingtree.dev/vendor/laravel/framework/src/Illuminate/View/View.php(78): Illuminate\View\View->renderContents()
#12 /vagrant/sites/talkingtree.dev/vendor/laravel/framework/src/Illuminate/Http/Response.php(43): Illuminate\View\View->render()
#13 /vagrant/sites/talkingtree.dev/vendor/symfony/http-foundation/Symfony/Component/HttpFoundation/Response.php(202): Illuminate\Http\Response->setContent(Object(Illuminate\View\View))
#14 /vagrant/sites/talkingtree.dev/vendor/laravel/framework/src/Illuminate/Routing/Router.php(1501): Symfony\Component\HttpFoundation\Response->__construct(Object(Illuminate\View\View))
#15 /vagrant/sites/talkingtree.dev/vendor/laravel/framework/src/Illuminate/Routing/Router.php(1036): Illuminate\Routing\Router->prepareResponse(Object(Illuminate\Http\Request), Object(Illuminate\View\View))
#16 /vagrant/sites/talkingtree.dev/vendor/laravel/framework/src/Illuminate/Routing/Router.php(1001): Illuminate\Routing\Router->dispatchToRoute(Object(Illuminate\Http\Request))
#17 /vagrant/sites/talkingtree.dev/vendor/laravel/framework/src/Illuminate/Foundation/Application.php(775): Illuminate\Routing\Router->dispatch(Object(Illuminate\Http\Request))
#18 /vagrant/sites/talkingtree.dev/vendor/laravel/framework/src/Illuminate/Foundation/Application.php(745): Illuminate\Foundation\Application->dispatch(Object(Illuminate\Http\Request))
#19 /vagrant/sites/talkingtree.dev/vendor/laravel/framework/src/Illuminate/Session/Middleware.php(72): Illuminate\Foundation\Application->handle(Object(Illuminate\Http\Request), 1, true)
#20 /vagrant/sites/talkingtree.dev/vendor/laravel/framework/src/Illuminate/Cookie/Queue.php(47): Illuminate\Session\Middleware->handle(Object(Illuminate\Http\Request), 1, true)
#21 /vagrant/sites/talkingtree.dev/vendor/laravel/framework/src/Illuminate/Cookie/Guard.php(51): Illuminate\Cookie\Queue->handle(Object(Illuminate\Http\Request), 1, true)
#22 /vagrant/sites/talkingtree.dev/vendor/stack/builder/src/Stack/StackedHttpKernel.php(23): Illuminate\Cookie\Guard->handle(Object(Illuminate\Http\Request), 1, true)
#23 /vagrant/sites/talkingtree.dev/vendor/laravel/framework/src/Illuminate/Foundation/Application.php(641): Stack\StackedHttpKernel->handle(Object(Illuminate\Http\Request))
#24 /vagrant/sites/talkingtree.dev/public/index.php(49): Illuminate\Foundation\Application->run()
#25 {main}

Next exception 'ErrorException' with message 'Route [UserController@postLogin] not defined. (View: /vagrant/sites/talkingtree.dev/app/views/index.blade.php)' in /vagrant/sites/talkingtree.dev/vendor/laravel/framework/src/Illuminate/Routing/UrlGenerator.php:231
Stack trace:
#0 /vagrant/sites/talkingtree.dev/vendor/laravel/framework/src/Illuminate/View/Engines/PhpEngine.php(41): Illuminate\View\Engines\CompilerEngine->handleViewException(Object(InvalidArgumentException), 1)
#1 /vagrant/sites/talkingtree.dev/vendor/laravel/framework/src/Illuminate/View/Engines/CompilerEngine.php(56): Illuminate\View\Engines\PhpEngine->evaluatePath('/vagrant/sites/...', Array)
#2 /vagrant/sites/talkingtree.dev/vendor/laravel/framework/src/Illuminate/View/View.php(140): Illuminate\View\Engines\CompilerEngine->get('/vagrant/sites/...', Array)
#3 /vagrant/sites/talkingtree.dev/vendor/laravel/framework/src/Illuminate/View/View.php(109): Illuminate\View\View->getContents()
#4 /vagrant/sites/talkingtree.dev/vendor/laravel/framework/src/Illuminate/View/View.php(78): Illuminate\View\View->renderContents()
#5 /vagrant/sites/talkingtree.dev/vendor/laravel/framework/src/Illuminate/Http/Response.php(43): Illuminate\View\View->render()
#6 /vagrant/sites/talkingtree.dev/vendor/symfony/http-foundation/Symfony/Component/HttpFoundation/Response.php(202): Illuminate\Http\Response->setContent(Object(Illuminate\View\View))
#7 /vagrant/sites/talkingtree.dev/vendor/laravel/framework/src/Illuminate/Routing/Router.php(1501): Symfony\Component\HttpFoundation\Response->__construct(Object(Illuminate\View\View))
#8 /vagrant/sites/talkingtree.dev/vendor/laravel/framework/src/Illuminate/Routing/Router.php(1036): Illuminate\Routing\Router->prepareResponse(Object(Illuminate\Http\Request), Object(Illuminate\View\View))
#9 /vagrant/sites/talkingtree.dev/vendor/laravel/framework/src/Illuminate/Routing/Router.php(1001): Illuminate\Routing\Router->dispatchToRoute(Object(Illuminate\Http\Request))
#10 /vagrant/sites/talkingtree.dev/vendor/laravel/framework/src/Illuminate/Foundation/Application.php(775): Illuminate\Routing\Router->dispatch(Object(Illuminate\Http\Request))
#11 /vagrant/sites/talkingtree.dev/vendor/laravel/framework/src/Illuminate/Foundation/Application.php(745): Illuminate\Foundation\Application->dispatch(Object(Illuminate\Http\Request))
#12 /vagrant/sites/talkingtree.dev/vendor/laravel/framework/src/Illuminate/Session/Middleware.php(72): Illuminate\Foundation\Application->handle(Object(Illuminate\Http\Request), 1, true)
#13 /vagrant/sites/talkingtree.dev/vendor/laravel/framework/src/Illuminate/Cookie/Queue.php(47): Illuminate\Session\Middleware->handle(Object(Illuminate\Http\Request), 1, true)
#14 /vagrant/sites/talkingtree.dev/vendor/laravel/framework/src/Illuminate/Cookie/Guard.php(51): Illuminate\Cookie\Queue->handle(Object(Illuminate\Http\Request), 1, true)
#15 /vagrant/sites/talkingtree.dev/vendor/stack/builder/src/Stack/StackedHttpKernel.php(23): Illuminate\Cookie\Guard->handle(Object(Illuminate\Http\Request), 1, true)
#16 /vagrant/sites/talkingtree.dev/vendor/laravel/framework/src/Illuminate/Foundation/Application.php(641): Stack\StackedHttpKernel->handle(Object(Illuminate\Http\Request))
#17 /vagrant/sites/talkingtree.dev/public/index.php(49): Illuminate\Foundation\Application->run()
#18 {main} [] []
[2016-04-27 16:42:42] local.ERROR: exception 'InvalidArgumentException' with message 'View [partials.header] not found.' in /vagrant/sites/talkingtree.dev/vendor/laravel/framework/src/Illuminate/View/FileViewFinder.php:146
Stack trace:
#0 /vagrant/sites/talkingtree.dev/vendor/laravel/framework/src/Illuminate/View/FileViewFinder.php(83): Illuminate\View\FileViewFinder->findInPaths('partials.header', Array)
#1 /vagrant/sites/talkingtree.dev/vendor/laravel/framework/src/Illuminate/View/Factory.php(124): Illuminate\View\FileViewFinder->find('partials.header')
#2 /vagrant/sites/talkingtree.dev/app/storage/views/862a5ec5b1b1ee54816d31643f5d43c0(14): Illuminate\View\Factory->make('partials.header', Array)
#3 /vagrant/sites/talkingtree.dev/vendor/laravel/framework/src/Illuminate/View/Engines/PhpEngine.php(37): include('/vagrant/sites/...')
#4 /vagrant/sites/talkingtree.dev/vendor/laravel/framework/src/Illuminate/View/Engines/CompilerEngine.php(56): Illuminate\View\Engines\PhpEngine->evaluatePath('/vagrant/sites/...', Array)
#5 /vagrant/sites/talkingtree.dev/vendor/laravel/framework/src/Illuminate/View/View.php(140): Illuminate\View\Engines\CompilerEngine->get('/vagrant/sites/...', Array)
#6 /vagrant/sites/talkingtree.dev/vendor/laravel/framework/src/Illuminate/View/View.php(109): Illuminate\View\View->getContents()
#7 /vagrant/sites/talkingtree.dev/vendor/laravel/framework/src/Illuminate/View/View.php(78): Illuminate\View\View->renderContents()
#8 /vagrant/sites/talkingtree.dev/app/storage/views/10fc3d8b1f2e48e666dde0aee002040c(12): Illuminate\View\View->render()
#9 /vagrant/sites/talkingtree.dev/vendor/laravel/framework/src/Illuminate/View/Engines/PhpEngine.php(37): include('/vagrant/sites/...')
#10 /vagrant/sites/talkingtree.dev/vendor/laravel/framework/src/Illuminate/View/Engines/CompilerEngine.php(56): Illuminate\View\Engines\PhpEngine->evaluatePath('/vagrant/sites/...', Array)
#11 /vagrant/sites/talkingtree.dev/vendor/laravel/framework/src/Illuminate/View/View.php(140): Illuminate\View\Engines\CompilerEngine->get('/vagrant/sites/...', Array)
#12 /vagrant/sites/talkingtree.dev/vendor/laravel/framework/src/Illuminate/View/View.php(109): Illuminate\View\View->getContents()
#13 /vagrant/sites/talkingtree.dev/vendor/laravel/framework/src/Illuminate/View/View.php(78): Illuminate\View\View->renderContents()
#14 /vagrant/sites/talkingtree.dev/vendor/laravel/framework/src/Illuminate/Http/Response.php(43): Illuminate\View\View->render()
#15 /vagrant/sites/talkingtree.dev/vendor/symfony/http-foundation/Symfony/Component/HttpFoundation/Response.php(202): Illuminate\Http\Response->setContent(Object(Illuminate\View\View))
#16 /vagrant/sites/talkingtree.dev/vendor/laravel/framework/src/Illuminate/Routing/Router.php(1501): Symfony\Component\HttpFoundation\Response->__construct(Object(Illuminate\View\View))
#17 /vagrant/sites/talkingtree.dev/vendor/laravel/framework/src/Illuminate/Routing/Router.php(1036): Illuminate\Routing\Router->prepareResponse(Object(Illuminate\Http\Request), Object(Illuminate\View\View))
#18 /vagrant/sites/talkingtree.dev/vendor/laravel/framework/src/Illuminate/Routing/Router.php(1001): Illuminate\Routing\Router->dispatchToRoute(Object(Illuminate\Http\Request))
#19 /vagrant/sites/talkingtree.dev/vendor/laravel/framework/src/Illuminate/Foundation/Application.php(775): Illuminate\Routing\Router->dispatch(Object(Illuminate\Http\Request))
#20 /vagrant/sites/talkingtree.dev/vendor/laravel/framework/src/Illuminate/Foundation/Application.php(745): Illuminate\Foundation\Application->dispatch(Object(Illuminate\Http\Request))
#21 /vagrant/sites/talkingtree.dev/vendor/laravel/framework/src/Illuminate/Session/Middleware.php(72): Illuminate\Foundation\Application->handle(Object(Illuminate\Http\Request), 1, true)
#22 /vagrant/sites/talkingtree.dev/vendor/laravel/framework/src/Illuminate/Cookie/Queue.php(47): Illuminate\Session\Middleware->handle(Object(Illuminate\Http\Request), 1, true)
#23 /vagrant/sites/talkingtree.dev/vendor/laravel/framework/src/Illuminate/Cookie/Guard.php(51): Illuminate\Cookie\Queue->handle(Object(Illuminate\Http\Request), 1, true)
#24 /vagrant/sites/talkingtree.dev/vendor/stack/builder/src/Stack/StackedHttpKernel.php(23): Illuminate\Cookie\Guard->handle(Object(Illuminate\Http\Request), 1, true)
#25 /vagrant/sites/talkingtree.dev/vendor/laravel/framework/src/Illuminate/Foundation/Application.php(641): Stack\StackedHttpKernel->handle(Object(Illuminate\Http\Request))
#26 /vagrant/sites/talkingtree.dev/public/index.php(49): Illuminate\Foundation\Application->run()
#27 {main}

Next exception 'ErrorException' with message 'View [partials.header] not found. (View: /vagrant/sites/talkingtree.dev/app/views/layouts/master.blade.php)' in /vagrant/sites/talkingtree.dev/vendor/laravel/framework/src/Illuminate/View/FileViewFinder.php:146
Stack trace:
#0 /vagrant/sites/talkingtree.dev/vendor/laravel/framework/src/Illuminate/View/Engines/PhpEngine.php(41): Illuminate\View\Engines\CompilerEngine->handleViewException(Object(InvalidArgumentException), 1)
#1 /vagrant/sites/talkingtree.dev/vendor/laravel/framework/src/Illuminate/View/Engines/CompilerEngine.php(56): Illuminate\View\Engines\PhpEngine->evaluatePath('/vagrant/sites/...', Array)
#2 /vagrant/sites/talkingtree.dev/vendor/laravel/framework/src/Illuminate/View/View.php(140): Illuminate\View\Engines\CompilerEngine->get('/vagrant/sites/...', Array)
#3 /vagrant/sites/talkingtree.dev/vendor/laravel/framework/src/Illuminate/View/View.php(109): Illuminate\View\View->getContents()
#4 /vagrant/sites/talkingtree.dev/vendor/laravel/framework/src/Illuminate/View/View.php(78): Illuminate\View\View->renderContents()
#5 /vagrant/sites/talkingtree.dev/app/storage/views/10fc3d8b1f2e48e666dde0aee002040c(12): Illuminate\View\View->render()
#6 /vagrant/sites/talkingtree.dev/vendor/laravel/framework/src/Illuminate/View/Engines/PhpEngine.php(37): include('/vagrant/sites/...')
#7 /vagrant/sites/talkingtree.dev/vendor/laravel/framework/src/Illuminate/View/Engines/CompilerEngine.php(56): Illuminate\View\Engines\PhpEngine->evaluatePath('/vagrant/sites/...', Array)
#8 /vagrant/sites/talkingtree.dev/vendor/laravel/framework/src/Illuminate/View/View.php(140): Illuminate\View\Engines\CompilerEngine->get('/vagrant/sites/...', Array)
#9 /vagrant/sites/talkingtree.dev/vendor/laravel/framework/src/Illuminate/View/View.php(109): Illuminate\View\View->getContents()
#10 /vagrant/sites/talkingtree.dev/vendor/laravel/framework/src/Illuminate/View/View.php(78): Illuminate\View\View->renderContents()
#11 /vagrant/sites/talkingtree.dev/vendor/laravel/framework/src/Illuminate/Http/Response.php(43): Illuminate\View\View->render()
#12 /vagrant/sites/talkingtree.dev/vendor/symfony/http-foundation/Symfony/Component/HttpFoundation/Response.php(202): Illuminate\Http\Response->setContent(Object(Illuminate\View\View))
#13 /vagrant/sites/talkingtree.dev/vendor/laravel/framework/src/Illuminate/Routing/Router.php(1501): Symfony\Component\HttpFoundation\Response->__construct(Object(Illuminate\View\View))
#14 /vagrant/sites/talkingtree.dev/vendor/laravel/framework/src/Illuminate/Routing/Router.php(1036): Illuminate\Routing\Router->prepareResponse(Object(Illuminate\Http\Request), Object(Illuminate\View\View))
#15 /vagrant/sites/talkingtree.dev/vendor/laravel/framework/src/Illuminate/Routing/Router.php(1001): Illuminate\Routing\Router->dispatchToRoute(Object(Illuminate\Http\Request))
#16 /vagrant/sites/talkingtree.dev/vendor/laravel/framework/src/Illuminate/Foundation/Application.php(775): Illuminate\Routing\Router->dispatch(Object(Illuminate\Http\Request))
#17 /vagrant/sites/talkingtree.dev/vendor/laravel/framework/src/Illuminate/Foundation/Application.php(745): Illuminate\Foundation\Application->dispatch(Object(Illuminate\Http\Request))
#18 /vagrant/sites/talkingtree.dev/vendor/laravel/framework/src/Illuminate/Session/Middleware.php(72): Illuminate\Foundation\Application->handle(Object(Illuminate\Http\Request), 1, true)
#19 /vagrant/sites/talkingtree.dev/vendor/laravel/framework/src/Illuminate/Cookie/Queue.php(47): Illuminate\Session\Middleware->handle(Object(Illuminate\Http\Request), 1, true)
#20 /vagrant/sites/talkingtree.dev/vendor/laravel/framework/src/Illuminate/Cookie/Guard.php(51): Illuminate\Cookie\Queue->handle(Object(Illuminate\Http\Request), 1, true)
#21 /vagrant/sites/talkingtree.dev/vendor/stack/builder/src/Stack/StackedHttpKernel.php(23): Illuminate\Cookie\Guard->handle(Object(Illuminate\Http\Request), 1, true)
#22 /vagrant/sites/talkingtree.dev/vendor/laravel/framework/src/Illuminate/Foundation/Application.php(641): Stack\StackedHttpKernel->handle(Object(Illuminate\Http\Request))
#23 /vagrant/sites/talkingtree.dev/public/index.php(49): Illuminate\Foundation\Application->run()
#24 {main}

Next exception 'ErrorException' with message 'View [partials.header] not found. (View: /vagrant/sites/talkingtree.dev/app/views/layouts/master.blade.php) (View: /vagrant/sites/talkingtree.dev/app/views/layouts/master.blade.php)' in /vagrant/sites/talkingtree.dev/vendor/laravel/framework/src/Illuminate/View/FileViewFinder.php:146
Stack trace:
#0 /vagrant/sites/talkingtree.dev/vendor/laravel/framework/src/Illuminate/View/Engines/PhpEngine.php(41): Illuminate\View\Engines\CompilerEngine->handleViewException(Object(ErrorException), 1)
#1 /vagrant/sites/talkingtree.dev/vendor/laravel/framework/src/Illuminate/View/Engines/CompilerEngine.php(56): Illuminate\View\Engines\PhpEngine->evaluatePath('/vagrant/sites/...', Array)
#2 /vagrant/sites/talkingtree.dev/vendor/laravel/framework/src/Illuminate/View/View.php(140): Illuminate\View\Engines\CompilerEngine->get('/vagrant/sites/...', Array)
#3 /vagrant/sites/talkingtree.dev/vendor/laravel/framework/src/Illuminate/View/View.php(109): Illuminate\View\View->getContents()
#4 /vagrant/sites/talkingtree.dev/vendor/laravel/framework/src/Illuminate/View/View.php(78): Illuminate\View\View->renderContents()
#5 /vagrant/sites/talkingtree.dev/vendor/laravel/framework/src/Illuminate/Http/Response.php(43): Illuminate\View\View->render()
#6 /vagrant/sites/talkingtree.dev/vendor/symfony/http-foundation/Symfony/Component/HttpFoundation/Response.php(202): Illuminate\Http\Response->setContent(Object(Illuminate\View\View))
#7 /vagrant/sites/talkingtree.dev/vendor/laravel/framework/src/Illuminate/Routing/Router.php(1501): Symfony\Component\HttpFoundation\Response->__construct(Object(Illuminate\View\View))
#8 /vagrant/sites/talkingtree.dev/vendor/laravel/framework/src/Illuminate/Routing/Router.php(1036): Illuminate\Routing\Router->prepareResponse(Object(Illuminate\Http\Request), Object(Illuminate\View\View))
#9 /vagrant/sites/talkingtree.dev/vendor/laravel/framework/src/Illuminate/Routing/Router.php(1001): Illuminate\Routing\Router->dispatchToRoute(Object(Illuminate\Http\Request))
#10 /vagrant/sites/talkingtree.dev/vendor/laravel/framework/src/Illuminate/Foundation/Application.php(775): Illuminate\Routing\Router->dispatch(Object(Illuminate\Http\Request))
#11 /vagrant/sites/talkingtree.dev/vendor/laravel/framework/src/Illuminate/Foundation/Application.php(745): Illuminate\Foundation\Application->dispatch(Object(Illuminate\Http\Request))
#12 /vagrant/sites/talkingtree.dev/vendor/laravel/framework/src/Illuminate/Session/Middleware.php(72): Illuminate\Foundation\Application->handle(Object(Illuminate\Http\Request), 1, true)
#13 /vagrant/sites/talkingtree.dev/vendor/laravel/framework/src/Illuminate/Cookie/Queue.php(47): Illuminate\Session\Middleware->handle(Object(Illuminate\Http\Request), 1, true)
#14 /vagrant/sites/talkingtree.dev/vendor/laravel/framework/src/Illuminate/Cookie/Guard.php(51): Illuminate\Cookie\Queue->handle(Object(Illuminate\Http\Request), 1, true)
#15 /vagrant/sites/talkingtree.dev/vendor/stack/builder/src/Stack/StackedHttpKernel.php(23): Illuminate\Cookie\Guard->handle(Object(Illuminate\Http\Request), 1, true)
#16 /vagrant/sites/talkingtree.dev/vendor/laravel/framework/src/Illuminate/Foundation/Application.php(641): Stack\StackedHttpKernel->handle(Object(Illuminate\Http\Request))
#17 /vagrant/sites/talkingtree.dev/public/index.php(49): Illuminate\Foundation\Application->run()
#18 {main} [] []
[2016-04-27 18:47:44] local.ERROR: exception 'InvalidArgumentException' with message 'View [layouts.partials.nav-login] not found.' in /vagrant/sites/talkingtree.dev/vendor/laravel/framework/src/Illuminate/View/FileViewFinder.php:146
Stack trace:
#0 /vagrant/sites/talkingtree.dev/vendor/laravel/framework/src/Illuminate/View/FileViewFinder.php(83): Illuminate\View\FileViewFinder->findInPaths('layouts.partial...', Array)
#1 /vagrant/sites/talkingtree.dev/vendor/laravel/framework/src/Illuminate/View/Factory.php(124): Illuminate\View\FileViewFinder->find('layouts.partial...')
#2 /vagrant/sites/talkingtree.dev/app/storage/views/ca0b19bf9cc642d642d2da0277d5845a(38): Illuminate\View\Factory->make('layouts.partial...', Array)
#3 /vagrant/sites/talkingtree.dev/vendor/laravel/framework/src/Illuminate/View/Engines/PhpEngine.php(37): include('/vagrant/sites/...')
#4 /vagrant/sites/talkingtree.dev/vendor/laravel/framework/src/Illuminate/View/Engines/CompilerEngine.php(56): Illuminate\View\Engines\PhpEngine->evaluatePath('/vagrant/sites/...', Array)
#5 /vagrant/sites/talkingtree.dev/vendor/laravel/framework/src/Illuminate/View/View.php(140): Illuminate\View\Engines\CompilerEngine->get('/vagrant/sites/...', Array)
#6 /vagrant/sites/talkingtree.dev/vendor/laravel/framework/src/Illuminate/View/View.php(109): Illuminate\View\View->getContents()
#7 /vagrant/sites/talkingtree.dev/vendor/laravel/framework/src/Illuminate/View/View.php(78): Illuminate\View\View->renderContents()
#8 /vagrant/sites/talkingtree.dev/app/storage/views/862a5ec5b1b1ee54816d31643f5d43c0(11): Illuminate\View\View->render()
#9 /vagrant/sites/talkingtree.dev/vendor/laravel/framework/src/Illuminate/View/Engines/PhpEngine.php(37): include('/vagrant/sites/...')
#10 /vagrant/sites/talkingtree.dev/vendor/laravel/framework/src/Illuminate/View/Engines/CompilerEngine.php(56): Illuminate\View\Engines\PhpEngine->evaluatePath('/vagrant/sites/...', Array)
#11 /vagrant/sites/talkingtree.dev/vendor/laravel/framework/src/Illuminate/View/View.php(140): Illuminate\View\Engines\CompilerEngine->get('/vagrant/sites/...', Array)
#12 /vagrant/sites/talkingtree.dev/vendor/laravel/framework/src/Illuminate/View/View.php(109): Illuminate\View\View->getContents()
#13 /vagrant/sites/talkingtree.dev/vendor/laravel/framework/src/Illuminate/View/View.php(78): Illuminate\View\View->renderContents()
#14 /vagrant/sites/talkingtree.dev/app/storage/views/10fc3d8b1f2e48e666dde0aee002040c(4): Illuminate\View\View->render()
#15 /vagrant/sites/talkingtree.dev/vendor/laravel/framework/src/Illuminate/View/Engines/PhpEngine.php(37): include('/vagrant/sites/...')
#16 /vagrant/sites/talkingtree.dev/vendor/laravel/framework/src/Illuminate/View/Engines/CompilerEngine.php(56): Illuminate\View\Engines\PhpEngine->evaluatePath('/vagrant/sites/...', Array)
#17 /vagrant/sites/talkingtree.dev/vendor/laravel/framework/src/Illuminate/View/View.php(140): Illuminate\View\Engines\CompilerEngine->get('/vagrant/sites/...', Array)
#18 /vagrant/sites/talkingtree.dev/vendor/laravel/framework/src/Illuminate/View/View.php(109): Illuminate\View\View->getContents()
#19 /vagrant/sites/talkingtree.dev/vendor/laravel/framework/src/Illuminate/View/View.php(78): Illuminate\View\View->renderContents()
#20 /vagrant/sites/talkingtree.dev/vendor/laravel/framework/src/Illuminate/Http/Response.php(43): Illuminate\View\View->render()
#21 /vagrant/sites/talkingtree.dev/vendor/symfony/http-foundation/Symfony/Component/HttpFoundation/Response.php(202): Illuminate\Http\Response->setContent(Object(Illuminate\View\View))
#22 /vagrant/sites/talkingtree.dev/vendor/laravel/framework/src/Illuminate/Routing/Router.php(1501): Symfony\Component\HttpFoundation\Response->__construct(Object(Illuminate\View\View))
#23 /vagrant/sites/talkingtree.dev/vendor/laravel/framework/src/Illuminate/Routing/Router.php(1036): Illuminate\Routing\Router->prepareResponse(Object(Illuminate\Http\Request), Object(Illuminate\View\View))
#24 /vagrant/sites/talkingtree.dev/vendor/laravel/framework/src/Illuminate/Routing/Router.php(1001): Illuminate\Routing\Router->dispatchToRoute(Object(Illuminate\Http\Request))
#25 /vagrant/sites/talkingtree.dev/vendor/laravel/framework/src/Illuminate/Foundation/Application.php(775): Illuminate\Routing\Router->dispatch(Object(Illuminate\Http\Request))
#26 /vagrant/sites/talkingtree.dev/vendor/laravel/framework/src/Illuminate/Foundation/Application.php(745): Illuminate\Foundation\Application->dispatch(Object(Illuminate\Http\Request))
#27 /vagrant/sites/talkingtree.dev/vendor/laravel/framework/src/Illuminate/Session/Middleware.php(72): Illuminate\Foundation\Application->handle(Object(Illuminate\Http\Request), 1, true)
#28 /vagrant/sites/talkingtree.dev/vendor/laravel/framework/src/Illuminate/Cookie/Queue.php(47): Illuminate\Session\Middleware->handle(Object(Illuminate\Http\Request), 1, true)
#29 /vagrant/sites/talkingtree.dev/vendor/laravel/framework/src/Illuminate/Cookie/Guard.php(51): Illuminate\Cookie\Queue->handle(Object(Illuminate\Http\Request), 1, true)
#30 /vagrant/sites/talkingtree.dev/vendor/stack/builder/src/Stack/StackedHttpKernel.php(23): Illuminate\Cookie\Guard->handle(Object(Illuminate\Http\Request), 1, true)
#31 /vagrant/sites/talkingtree.dev/vendor/laravel/framework/src/Illuminate/Foundation/Application.php(641): Stack\StackedHttpKernel->handle(Object(Illuminate\Http\Request))
#32 /vagrant/sites/talkingtree.dev/public/index.php(49): Illuminate\Foundation\Application->run()
#33 {main}

Next exception 'ErrorException' with message 'View [layouts.partials.nav-login] not found. (View: /vagrant/sites/talkingtree.dev/app/views/partials/navbar.blade.php)' in /vagrant/sites/talkingtree.dev/vendor/laravel/framework/src/Illuminate/View/FileViewFinder.php:146
Stack trace:
#0 /vagrant/sites/talkingtree.dev/vendor/laravel/framework/src/Illuminate/View/Engines/PhpEngine.php(41): Illuminate\View\Engines\CompilerEngine->handleViewException(Object(InvalidArgumentException), 1)
#1 /vagrant/sites/talkingtree.dev/vendor/laravel/framework/src/Illuminate/View/Engines/CompilerEngine.php(56): Illuminate\View\Engines\PhpEngine->evaluatePath('/vagrant/sites/...', Array)
#2 /vagrant/sites/talkingtree.dev/vendor/laravel/framework/src/Illuminate/View/View.php(140): Illuminate\View\Engines\CompilerEngine->get('/vagrant/sites/...', Array)
#3 /vagrant/sites/talkingtree.dev/vendor/laravel/framework/src/Illuminate/View/View.php(109): Illuminate\View\View->getContents()
#4 /vagrant/sites/talkingtree.dev/vendor/laravel/framework/src/Illuminate/View/View.php(78): Illuminate\View\View->renderContents()
#5 /vagrant/sites/talkingtree.dev/app/storage/views/862a5ec5b1b1ee54816d31643f5d43c0(11): Illuminate\View\View->render()
#6 /vagrant/sites/talkingtree.dev/vendor/laravel/framework/src/Illuminate/View/Engines/PhpEngine.php(37): include('/vagrant/sites/...')
#7 /vagrant/sites/talkingtree.dev/vendor/laravel/framework/src/Illuminate/View/Engines/CompilerEngine.php(56): Illuminate\View\Engines\PhpEngine->evaluatePath('/vagrant/sites/...', Array)
#8 /vagrant/sites/talkingtree.dev/vendor/laravel/framework/src/Illuminate/View/View.php(140): Illuminate\View\Engines\CompilerEngine->get('/vagrant/sites/...', Array)
#9 /vagrant/sites/talkingtree.dev/vendor/laravel/framework/src/Illuminate/View/View.php(109): Illuminate\View\View->getContents()
#10 /vagrant/sites/talkingtree.dev/vendor/laravel/framework/src/Illuminate/View/View.php(78): Illuminate\View\View->renderContents()
#11 /vagrant/sites/talkingtree.dev/app/storage/views/10fc3d8b1f2e48e666dde0aee002040c(4): Illuminate\View\View->render()
#12 /vagrant/sites/talkingtree.dev/vendor/laravel/framework/src/Illuminate/View/Engines/PhpEngine.php(37): include('/vagrant/sites/...')
#13 /vagrant/sites/talkingtree.dev/vendor/laravel/framework/src/Illuminate/View/Engines/CompilerEngine.php(56): Illuminate\View\Engines\PhpEngine->evaluatePath('/vagrant/sites/...', Array)
#14 /vagrant/sites/talkingtree.dev/vendor/laravel/framework/src/Illuminate/View/View.php(140): Illuminate\View\Engines\CompilerEngine->get('/vagrant/sites/...', Array)
#15 /vagrant/sites/talkingtree.dev/vendor/laravel/framework/src/Illuminate/View/View.php(109): Illuminate\View\View->getContents()
#16 /vagrant/sites/talkingtree.dev/vendor/laravel/framework/src/Illuminate/View/View.php(78): Illuminate\View\View->renderContents()
#17 /vagrant/sites/talkingtree.dev/vendor/laravel/framework/src/Illuminate/Http/Response.php(43): Illuminate\View\View->render()
#18 /vagrant/sites/talkingtree.dev/vendor/symfony/http-foundation/Symfony/Component/HttpFoundation/Response.php(202): Illuminate\Http\Response->setContent(Object(Illuminate\View\View))
#19 /vagrant/sites/talkingtree.dev/vendor/laravel/framework/src/Illuminate/Routing/Router.php(1501): Symfony\Component\HttpFoundation\Response->__construct(Object(Illuminate\View\View))
#20 /vagrant/sites/talkingtree.dev/vendor/laravel/framework/src/Illuminate/Routing/Router.php(1036): Illuminate\Routing\Router->prepareResponse(Object(Illuminate\Http\Request), Object(Illuminate\View\View))
#21 /vagrant/sites/talkingtree.dev/vendor/laravel/framework/src/Illuminate/Routing/Router.php(1001): Illuminate\Routing\Router->dispatchToRoute(Object(Illuminate\Http\Request))
#22 /vagrant/sites/talkingtree.dev/vendor/laravel/framework/src/Illuminate/Foundation/Application.php(775): Illuminate\Routing\Router->dispatch(Object(Illuminate\Http\Request))
#23 /vagrant/sites/talkingtree.dev/vendor/laravel/framework/src/Illuminate/Foundation/Application.php(745): Illuminate\Foundation\Application->dispatch(Object(Illuminate\Http\Request))
#24 /vagrant/sites/talkingtree.dev/vendor/laravel/framework/src/Illuminate/Session/Middleware.php(72): Illuminate\Foundation\Application->handle(Object(Illuminate\Http\Request), 1, true)
#25 /vagrant/sites/talkingtree.dev/vendor/laravel/framework/src/Illuminate/Cookie/Queue.php(47): Illuminate\Session\Middleware->handle(Object(Illuminate\Http\Request), 1, true)
#26 /vagrant/sites/talkingtree.dev/vendor/laravel/framework/src/Illuminate/Cookie/Guard.php(51): Illuminate\Cookie\Queue->handle(Object(Illuminate\Http\Request), 1, true)
#27 /vagrant/sites/talkingtree.dev/vendor/stack/builder/src/Stack/StackedHttpKernel.php(23): Illuminate\Cookie\Guard->handle(Object(Illuminate\Http\Request), 1, true)
#28 /vagrant/sites/talkingtree.dev/vendor/laravel/framework/src/Illuminate/Foundation/Application.php(641): Stack\StackedHttpKernel->handle(Object(Illuminate\Http\Request))
#29 /vagrant/sites/talkingtree.dev/public/index.php(49): Illuminate\Foundation\Application->run()
#30 {main}

Next exception 'ErrorException' with message 'View [layouts.partials.nav-login] not found. (View: /vagrant/sites/talkingtree.dev/app/views/partials/navbar.blade.php) (View: /vagrant/sites/talkingtree.dev/app/views/partials/navbar.blade.php)' in /vagrant/sites/talkingtree.dev/vendor/laravel/framework/src/Illuminate/View/FileViewFinder.php:146
Stack trace:
#0 /vagrant/sites/talkingtree.dev/vendor/laravel/framework/src/Illuminate/View/Engines/PhpEngine.php(41): Illuminate\View\Engines\CompilerEngine->handleViewException(Object(ErrorException), 1)
#1 /vagrant/sites/talkingtree.dev/vendor/laravel/framework/src/Illuminate/View/Engines/CompilerEngine.php(56): Illuminate\View\Engines\PhpEngine->evaluatePath('/vagrant/sites/...', Array)
#2 /vagrant/sites/talkingtree.dev/vendor/laravel/framework/src/Illuminate/View/View.php(140): Illuminate\View\Engines\CompilerEngine->get('/vagrant/sites/...', Array)
#3 /vagrant/sites/talkingtree.dev/vendor/laravel/framework/src/Illuminate/View/View.php(109): Illuminate\View\View->getContents()
#4 /vagrant/sites/talkingtree.dev/vendor/laravel/framework/src/Illuminate/View/View.php(78): Illuminate\View\View->renderContents()
#5 /vagrant/sites/talkingtree.dev/app/storage/views/10fc3d8b1f2e48e666dde0aee002040c(4): Illuminate\View\View->render()
#6 /vagrant/sites/talkingtree.dev/vendor/laravel/framework/src/Illuminate/View/Engines/PhpEngine.php(37): include('/vagrant/sites/...')
#7 /vagrant/sites/talkingtree.dev/vendor/laravel/framework/src/Illuminate/View/Engines/CompilerEngine.php(56): Illuminate\View\Engines\PhpEngine->evaluatePath('/vagrant/sites/...', Array)
#8 /vagrant/sites/talkingtree.dev/vendor/laravel/framework/src/Illuminate/View/View.php(140): Illuminate\View\Engines\CompilerEngine->get('/vagrant/sites/...', Array)
#9 /vagrant/sites/talkingtree.dev/vendor/laravel/framework/src/Illuminate/View/View.php(109): Illuminate\View\View->getContents()
#10 /vagrant/sites/talkingtree.dev/vendor/laravel/framework/src/Illuminate/View/View.php(78): Illuminate\View\View->renderContents()
#11 /vagrant/sites/talkingtree.dev/vendor/laravel/framework/src/Illuminate/Http/Response.php(43): Illuminate\View\View->render()
#12 /vagrant/sites/talkingtree.dev/vendor/symfony/http-foundation/Symfony/Component/HttpFoundation/Response.php(202): Illuminate\Http\Response->setContent(Object(Illuminate\View\View))
#13 /vagrant/sites/talkingtree.dev/vendor/laravel/framework/src/Illuminate/Routing/Router.php(1501): Symfony\Component\HttpFoundation\Response->__construct(Object(Illuminate\View\View))
#14 /vagrant/sites/talkingtree.dev/vendor/laravel/framework/src/Illuminate/Routing/Router.php(1036): Illuminate\Routing\Router->prepareResponse(Object(Illuminate\Http\Request), Object(Illuminate\View\View))
#15 /vagrant/sites/talkingtree.dev/vendor/laravel/framework/src/Illuminate/Routing/Router.php(1001): Illuminate\Routing\Router->dispatchToRoute(Object(Illuminate\Http\Request))
#16 /vagrant/sites/talkingtree.dev/vendor/laravel/framework/src/Illuminate/Foundation/Application.php(775): Illuminate\Routing\Router->dispatch(Object(Illuminate\Http\Request))
#17 /vagrant/sites/talkingtree.dev/vendor/laravel/framework/src/Illuminate/Foundation/Application.php(745): Illuminate\Foundation\Application->dispatch(Object(Illuminate\Http\Request))
#18 /vagrant/sites/talkingtree.dev/vendor/laravel/framework/src/Illuminate/Session/Middleware.php(72): Illuminate\Foundation\Application->handle(Object(Illuminate\Http\Request), 1, true)
#19 /vagrant/sites/talkingtree.dev/vendor/laravel/framework/src/Illuminate/Cookie/Queue.php(47): Illuminate\Session\Middleware->handle(Object(Illuminate\Http\Request), 1, true)
#20 /vagrant/sites/talkingtree.dev/vendor/laravel/framework/src/Illuminate/Cookie/Guard.php(51): Illuminate\Cookie\Queue->handle(Object(Illuminate\Http\Request), 1, true)
#21 /vagrant/sites/talkingtree.dev/vendor/stack/builder/src/Stack/StackedHttpKernel.php(23): Illuminate\Cookie\Guard->handle(Object(Illuminate\Http\Request), 1, true)
#22 /vagrant/sites/talkingtree.dev/vendor/laravel/framework/src/Illuminate/Foundation/Application.php(641): Stack\StackedHttpKernel->handle(Object(Illuminate\Http\Request))
#23 /vagrant/sites/talkingtree.dev/public/index.php(49): Illuminate\Foundation\Application->run()
#24 {main}

Next exception 'ErrorException' with message 'View [layouts.partials.nav-login] not found. (View: /vagrant/sites/talkingtree.dev/app/views/partials/navbar.blade.php) (View: /vagrant/sites/talkingtree.dev/app/views/partials/navbar.blade.php) (View: /vagrant/sites/talkingtree.dev/app/views/partials/navbar.blade.php)' in /vagrant/sites/talkingtree.dev/vendor/laravel/framework/src/Illuminate/View/FileViewFinder.php:146
Stack trace:
#0 /vagrant/sites/talkingtree.dev/vendor/laravel/framework/src/Illuminate/View/Engines/PhpEngine.php(41): Illuminate\View\Engines\CompilerEngine->handleViewException(Object(ErrorException), 1)
#1 /vagrant/sites/talkingtree.dev/vendor/laravel/framework/src/Illuminate/View/Engines/CompilerEngine.php(56): Illuminate\View\Engines\PhpEngine->evaluatePath('/vagrant/sites/...', Array)
#2 /vagrant/sites/talkingtree.dev/vendor/laravel/framework/src/Illuminate/View/View.php(140): Illuminate\View\Engines\CompilerEngine->get('/vagrant/sites/...', Array)
#3 /vagrant/sites/talkingtree.dev/vendor/laravel/framework/src/Illuminate/View/View.php(109): Illuminate\View\View->getContents()
#4 /vagrant/sites/talkingtree.dev/vendor/laravel/framework/src/Illuminate/View/View.php(78): Illuminate\View\View->renderContents()
#5 /vagrant/sites/talkingtree.dev/vendor/laravel/framework/src/Illuminate/Http/Response.php(43): Illuminate\View\View->render()
#6 /vagrant/sites/talkingtree.dev/vendor/symfony/http-foundation/Symfony/Component/HttpFoundation/Response.php(202): Illuminate\Http\Response->setContent(Object(Illuminate\View\View))
#7 /vagrant/sites/talkingtree.dev/vendor/laravel/framework/src/Illuminate/Routing/Router.php(1501): Symfony\Component\HttpFoundation\Response->__construct(Object(Illuminate\View\View))
#8 /vagrant/sites/talkingtree.dev/vendor/laravel/framework/src/Illuminate/Routing/Router.php(1036): Illuminate\Routing\Router->prepareResponse(Object(Illuminate\Http\Request), Object(Illuminate\View\View))
#9 /vagrant/sites/talkingtree.dev/vendor/laravel/framework/src/Illuminate/Routing/Router.php(1001): Illuminate\Routing\Router->dispatchToRoute(Object(Illuminate\Http\Request))
#10 /vagrant/sites/talkingtree.dev/vendor/laravel/framework/src/Illuminate/Foundation/Application.php(775): Illuminate\Routing\Router->dispatch(Object(Illuminate\Http\Request))
#11 /vagrant/sites/talkingtree.dev/vendor/laravel/framework/src/Illuminate/Foundation/Application.php(745): Illuminate\Foundation\Application->dispatch(Object(Illuminate\Http\Request))
#12 /vagrant/sites/talkingtree.dev/vendor/laravel/framework/src/Illuminate/Session/Middleware.php(72): Illuminate\Foundation\Application->handle(Object(Illuminate\Http\Request), 1, true)
#13 /vagrant/sites/talkingtree.dev/vendor/laravel/framework/src/Illuminate/Cookie/Queue.php(47): Illuminate\Session\Middleware->handle(Object(Illuminate\Http\Request), 1, true)
#14 /vagrant/sites/talkingtree.dev/vendor/laravel/framework/src/Illuminate/Cookie/Guard.php(51): Illuminate\Cookie\Queue->handle(Object(Illuminate\Http\Request), 1, true)
#15 /vagrant/sites/talkingtree.dev/vendor/stack/builder/src/Stack/StackedHttpKernel.php(23): Illuminate\Cookie\Guard->handle(Object(Illuminate\Http\Request), 1, true)
#16 /vagrant/sites/talkingtree.dev/vendor/laravel/framework/src/Illuminate/Foundation/Application.php(641): Stack\StackedHttpKernel->handle(Object(Illuminate\Http\Request))
#17 /vagrant/sites/talkingtree.dev/public/index.php(49): Illuminate\Foundation\Application->run()
#18 {main} [] []
